<?xml version="1.0" encoding="UTF-8"?>
<!-- Generated by org.testng.reporters.JUnitReportReporter -->
<testsuite skipped="0" hostname="RANITA-PC" name="runner.TestRunner" tests="1" failures="0" timestamp="10 Sep 2019 07:15:00 GMT" time="56.296" errors="0">
  <testcase name="feature" time="56.296" classname="runner.TestRunner"/>
</testsuite> <!-- runner.TestRunner -->
