<?xml version="1.0" encoding="UTF-8"?>
<!-- Generated by org.testng.reporters.JUnitReportReporter -->
<testsuite skipped="0" hostname="RANITA-PC" name="test.runner.TestRunner" tests="1" failures="0" timestamp="10 Sep 2019 11:05:38 GMT" time="94.279" errors="0">
  <testcase name="feature" time="94.279" classname="test.runner.TestRunner"/>
</testsuite> <!-- test.runner.TestRunner -->
