<?xml version="1.0" encoding="UTF-8"?>
<!-- Generated by org.testng.reporters.JUnitReportReporter -->
<testsuite skipped="0" hostname="RANITA-PC" name="runner.TestRunner" tests="1" failures="0" timestamp="11 Sep 2019 07:46:04 GMT" time="76.519" errors="0">
  <testcase name="feature" time="76.519" classname="runner.TestRunner"/>
</testsuite> <!-- runner.TestRunner -->
