<?xml version="1.0" encoding="UTF-8"?>
<!-- Generated by org.testng.reporters.JUnitReportReporter -->
<testsuite skipped="0" hostname="RANITA-PC" name="runner.TestRunner" tests="1" failures="0" timestamp="11 Sep 2019 06:30:55 GMT" time="71.909" errors="0">
  <testcase name="feature" time="71.909" classname="runner.TestRunner"/>
</testsuite> <!-- runner.TestRunner -->
